c:\users\naniel\documents\school\fall2024\cse231\repo\week-10\lab10\x64\debug\vc143.pdb
c:\users\naniel\documents\school\fall2024\cse231\repo\week-10\lab10\x64\debug\vc143.idb
c:\users\naniel\documents\school\fall2024\cse231\repo\week-10\lab10\x64\debug\velocity.obj
c:\users\naniel\documents\school\fall2024\cse231\repo\week-10\lab10\x64\debug\uiinteract.obj
c:\users\naniel\documents\school\fall2024\cse231\repo\week-10\lab10\x64\debug\uidraw.obj
c:\users\naniel\documents\school\fall2024\cse231\repo\week-10\lab10\x64\debug\test.obj
c:\users\naniel\documents\school\fall2024\cse231\repo\week-10\lab10\x64\debug\simulator.obj
c:\users\naniel\documents\school\fall2024\cse231\repo\week-10\lab10\x64\debug\satellitestarlink.obj
c:\users\naniel\documents\school\fall2024\cse231\repo\week-10\lab10\x64\debug\satellitesputnik.obj
c:\users\naniel\documents\school\fall2024\cse231\repo\week-10\lab10\x64\debug\satelliteship.obj
c:\users\naniel\documents\school\fall2024\cse231\repo\week-10\lab10\x64\debug\satellitehubble.obj
c:\users\naniel\documents\school\fall2024\cse231\repo\week-10\lab10\x64\debug\satellitegps.obj
c:\users\naniel\documents\school\fall2024\cse231\repo\week-10\lab10\x64\debug\satellitedragon.obj
c:\users\naniel\documents\school\fall2024\cse231\repo\week-10\lab10\x64\debug\position.obj
c:\users\naniel\documents\school\fall2024\cse231\repo\week-10\lab10\x64\debug\physics.obj
c:\users\naniel\documents\school\fall2024\cse231\repo\week-10\lab10\x64\debug\entity.obj
c:\users\naniel\documents\school\fall2024\cse231\repo\week-10\lab10\x64\debug\angle.obj
c:\users\naniel\documents\school\fall2024\cse231\repo\week-10\lab10\x64\debug\acceleration.obj
c:\users\naniel\documents\school\fall2024\cse231\repo\week-10\x64\debug\lab10.exe
c:\users\naniel\documents\school\fall2024\cse231\repo\week-10\x64\debug\lab10.pdb
c:\users\naniel\documents\school\fall2024\cse231\repo\week-10\lab10\x64\debug\lab10.ilk
c:\users\naniel\documents\school\fall2024\cse231\repo\week-10\lab10\x64\debug\lab10.tlog\cl.command.1.tlog
c:\users\naniel\documents\school\fall2024\cse231\repo\week-10\lab10\x64\debug\lab10.tlog\cl.items.tlog
c:\users\naniel\documents\school\fall2024\cse231\repo\week-10\lab10\x64\debug\lab10.tlog\cl.read.1.tlog
c:\users\naniel\documents\school\fall2024\cse231\repo\week-10\lab10\x64\debug\lab10.tlog\cl.write.1.tlog
c:\users\naniel\documents\school\fall2024\cse231\repo\week-10\lab10\x64\debug\lab10.tlog\link.command.1.tlog
c:\users\naniel\documents\school\fall2024\cse231\repo\week-10\lab10\x64\debug\lab10.tlog\link.read.1.tlog
c:\users\naniel\documents\school\fall2024\cse231\repo\week-10\lab10\x64\debug\lab10.tlog\link.secondary.1.tlog
c:\users\naniel\documents\school\fall2024\cse231\repo\week-10\lab10\x64\debug\lab10.tlog\link.write.1.tlog
